  main.cpp
C:\Users\79995\Desktop\Arkanoid\menu.h(35,118): warning C4305: аргумент: усечение из "double" в "float"
C:\Users\79995\Desktop\Arkanoid\menu.h(36,118): warning C4305: аргумент: усечение из "double" в "float"
C:\Users\79995\Desktop\Arkanoid\menu.h(37,118): warning C4305: аргумент: усечение из "double" в "float"
C:\Users\79995\Desktop\Arkanoid\main.cpp(8,15): warning C4244: аргумент: преобразование "time_t" в "unsigned int", возможна потеря данных
C:\Users\79995\Desktop\Arkanoid\main.cpp(34,54): warning C4244: аргумент: преобразование "int" в "float", возможна потеря данных
C:\Users\79995\Desktop\Arkanoid\main.cpp(34,41): warning C4244: аргумент: преобразование "int" в "float", возможна потеря данных
C:\Users\79995\Desktop\Arkanoid\main.cpp(41,54): warning C4244: аргумент: преобразование "int" в "float", возможна потеря данных
C:\Users\79995\Desktop\Arkanoid\main.cpp(41,41): warning C4244: аргумент: преобразование "int" в "float", возможна потеря данных
C:\Users\79995\Desktop\Arkanoid\main.cpp(48,54): warning C4244: аргумент: преобразование "int" в "float", возможна потеря данных
C:\Users\79995\Desktop\Arkanoid\main.cpp(48,41): warning C4244: аргумент: преобразование "int" в "float", возможна потеря данных
C:\Users\79995\Desktop\Arkanoid\main.cpp(55,54): warning C4244: аргумент: преобразование "int" в "float", возможна потеря данных
C:\Users\79995\Desktop\Arkanoid\main.cpp(55,41): warning C4244: аргумент: преобразование "int" в "float", возможна потеря данных
C:\Users\79995\Desktop\Arkanoid\main.cpp(62,54): warning C4244: аргумент: преобразование "int" в "float", возможна потеря данных
C:\Users\79995\Desktop\Arkanoid\main.cpp(62,41): warning C4244: аргумент: преобразование "int" в "float", возможна потеря данных
C:\Users\79995\Desktop\Arkanoid\main.cpp(79,39): warning C4244: аргумент: преобразование "double" в "T", возможна потеря данных
          with
          [
              T=float
          ]
C:\Users\79995\Desktop\Arkanoid\main.cpp(79,29): warning C4244: аргумент: преобразование "double" в "T", возможна потеря данных
          with
          [
              T=float
          ]
C:\Users\79995\Desktop\Arkanoid\main.cpp(87,39): warning C4244: аргумент: преобразование "double" в "T", возможна потеря данных
          with
          [
              T=float
          ]
C:\Users\79995\Desktop\Arkanoid\main.cpp(87,29): warning C4244: аргумент: преобразование "double" в "T", возможна потеря данных
          with
          [
              T=float
          ]
C:\Users\79995\Desktop\Arkanoid\main.cpp(116,35): warning C4244: аргумент: преобразование "double" в "T", возможна потеря данных
          with
          [
              T=float
          ]
C:\Users\79995\Desktop\Arkanoid\main.cpp(116,25): warning C4244: аргумент: преобразование "double" в "T", возможна потеря данных
          with
          [
              T=float
          ]
C:\Users\79995\Desktop\Arkanoid\main.cpp(116,95): warning C4244: =: преобразование "int" в "float", возможна потеря данных
  Arkanoid.vcxproj -> C:\Users\79995\Desktop\Arkanoid\Debug\Arkanoid.exe
