  main.cpp
C:\Users\79995\Desktop\Arkanoid\main.cpp(10,15): warning C4244: аргумент: преобразование "time_t" в "unsigned int", возможна потеря данных
C:\Users\79995\Desktop\Arkanoid\main.cpp(40,55): warning C4244: аргумент: преобразование "int" в "float", возможна потеря данных
C:\Users\79995\Desktop\Arkanoid\main.cpp(40,42): warning C4244: аргумент: преобразование "int" в "float", возможна потеря данных
C:\Users\79995\Desktop\Arkanoid\main.cpp(47,55): warning C4244: аргумент: преобразование "int" в "float", возможна потеря данных
C:\Users\79995\Desktop\Arkanoid\main.cpp(47,42): warning C4244: аргумент: преобразование "int" в "float", возможна потеря данных
C:\Users\79995\Desktop\Arkanoid\main.cpp(54,55): warning C4244: аргумент: преобразование "int" в "float", возможна потеря данных
C:\Users\79995\Desktop\Arkanoid\main.cpp(54,42): warning C4244: аргумент: преобразование "int" в "float", возможна потеря данных
C:\Users\79995\Desktop\Arkanoid\main.cpp(61,55): warning C4244: аргумент: преобразование "int" в "float", возможна потеря данных
C:\Users\79995\Desktop\Arkanoid\main.cpp(61,42): warning C4244: аргумент: преобразование "int" в "float", возможна потеря данных
C:\Users\79995\Desktop\Arkanoid\main.cpp(68,55): warning C4244: аргумент: преобразование "int" в "float", возможна потеря данных
C:\Users\79995\Desktop\Arkanoid\main.cpp(68,42): warning C4244: аргумент: преобразование "int" в "float", возможна потеря данных
C:\Users\79995\Desktop\Arkanoid\main.cpp(114,20): warning C4244: инициализация: преобразование "sf::Int64" в "float", возможна потеря данных
C:\Users\79995\Desktop\Arkanoid\main.cpp(122,39): warning C4244: аргумент: преобразование "double" в "T", возможна потеря данных
          with
          [
              T=float
          ]
C:\Users\79995\Desktop\Arkanoid\main.cpp(122,29): warning C4244: аргумент: преобразование "double" в "T", возможна потеря данных
          with
          [
              T=float
          ]
C:\Users\79995\Desktop\Arkanoid\main.cpp(131,39): warning C4244: аргумент: преобразование "double" в "T", возможна потеря данных
          with
          [
              T=float
          ]
C:\Users\79995\Desktop\Arkanoid\main.cpp(131,29): warning C4244: аргумент: преобразование "double" в "T", возможна потеря данных
          with
          [
              T=float
          ]
C:\Users\79995\Desktop\Arkanoid\main.cpp(141,59): warning C4244: =: преобразование "float" в "int", возможна потеря данных
C:\Users\79995\Desktop\Arkanoid\main.cpp(143,67): warning C4244: аргумент: преобразование "int" в "float", возможна потеря данных
C:\Users\79995\Desktop\Arkanoid\main.cpp(150,66): warning C4244: аргумент: преобразование "int" в "float", возможна потеря данных
C:\Users\79995\Desktop\Arkanoid\main.cpp(178,35): warning C4244: аргумент: преобразование "double" в "T", возможна потеря данных
          with
          [
              T=float
          ]
C:\Users\79995\Desktop\Arkanoid\main.cpp(178,25): warning C4244: аргумент: преобразование "double" в "T", возможна потеря данных
          with
          [
              T=float
          ]
C:\Users\79995\Desktop\Arkanoid\main.cpp(178,95): warning C4244: =: преобразование "int" в "float", возможна потеря данных
  Arkanoid.vcxproj -> C:\Users\79995\Desktop\Arkanoid\Debug\Arkanoid.exe
